mode: set
todo-app/internal/manager/task_manager.go:74.65,76.15 2 1
todo-app/internal/manager/task_manager.go:76.15,78.3 1 1
todo-app/internal/manager/task_manager.go:80.2,80.23 1 1
todo-app/internal/manager/task_manager.go:80.23,83.3 2 1
todo-app/internal/manager/task_manager.go:85.2,85.29 1 1
todo-app/internal/manager/task_manager.go:85.29,88.3 2 1
todo-app/internal/manager/task_manager.go:90.2,107.21 8 1
todo-app/internal/manager/task_manager.go:110.81,112.15 2 1
todo-app/internal/manager/task_manager.go:112.15,114.3 1 1
todo-app/internal/manager/task_manager.go:116.2,119.26 3 1
todo-app/internal/manager/task_manager.go:119.26,120.27 1 1
todo-app/internal/manager/task_manager.go:120.27,121.30 1 1
todo-app/internal/manager/task_manager.go:121.30,122.31 1 1
todo-app/internal/manager/task_manager.go:122.31,125.6 2 1
todo-app/internal/manager/task_manager.go:126.5,126.37 1 1
todo-app/internal/manager/task_manager.go:126.37,129.6 2 1
todo-app/internal/manager/task_manager.go:130.5,130.47 1 1
todo-app/internal/manager/task_manager.go:133.4,133.28 1 1
todo-app/internal/manager/task_manager.go:133.28,135.5 1 1
todo-app/internal/manager/task_manager.go:137.4,139.28 3 1
todo-app/internal/manager/task_manager.go:143.2,144.73 2 1
todo-app/internal/manager/task_manager.go:147.55,151.32 3 1
todo-app/internal/manager/task_manager.go:151.32,152.20 1 1
todo-app/internal/manager/task_manager.go:152.20,154.4 1 1
todo-app/internal/manager/task_manager.go:156.2,156.60 1 1
